MPASM 5.73                       USART18.ASM   1-5-2019  16:36:49         PAGE  1


LOC  OBJECT CODE     LINE SOURCE TEXT
  VALUE

                      00001 
                      00002         #include <p18f4620.inc>
                      00001         LIST
                      00002 
                      00003 ;==========================================================================
                      00004 ; Build date : Mar 21 2017
                      00005 ;  MPASM PIC18F4620 processor include
                      00006 ; 
                      00007 ;  (c) Copyright 1999-2017 Microchip Technology, All rights reserved
                      00008 ;==========================================================================
                      00009 
                      01440         LIST
                      00003         list P=18F4620, F=INHX32, C=160, N=80, ST=OFF, MM=OFF, R=DEC
                      00004 
                      00005 ;;;;;;Configuration Bits;;;;;;;;;;;;;;;;;;;;;;;;;;;;;;;;;;;;;;;;;;;
                      00006         CONFIG OSC=HS, FCMEN=OFF, IESO=OFF
                      00007         CONFIG PWRT = OFF, BOREN = SBORDIS, BORV = 3
                      00008         CONFIG WDT = OFF, WDTPS = 32768
                      00009         CONFIG MCLRE = ON, LPT1OSC = OFF, PBADEN = OFF, CCP2MX = PORTC
                      00010         CONFIG STVREN = ON, LVP = OFF, XINST = OFF
                      00011         CONFIG DEBUG = OFF
                      00012         CONFIG CP0 = OFF, CP1 = OFF, CP2 = OFF, CP3 = OFF
                      00013         CONFIG CPB = OFF, CPD = OFF
                      00014         CONFIG WRT0 = OFF, WRT1 = OFF, WRT2 = OFF, WRT3 = OFF
                      00015         CONFIG WRTB = OFF, WRTC = OFF, WRTD = OFF
                      00016         CONFIG EBTR0 = OFF, EBTR1 = OFF, EBTR2 = OFF, EBTR3 = OFF
                      00017         CONFIG EBTRB = OFF
                      00018 
  00000020            00019 TIMCNT  EQU     020H
  00000021            00020 LPCNT   EQU     021H
  00000022            00021 TDATA   EQU     022H
                      00022 
                      00023         ORG     0
000000 EF?? F???      00024         GOTO    INIT
                      00025 
                      00026 ;-----------------------------------------------
                      00027 ; Initialization
                      00028 ;   - set baud rate to be 9600K
                      00029 ;   - port D as output
                      00030 ;-----------------------------------------------
                      00031 
000004                00032 INIT
000004 6A95           00033         CLRF    TRISD   ;configure PORTD as output
000006 9EF2           00034         BCF     INTCON,GIE  ;disable global interrupt
000008 9CF2           00035         BCF     INTCON,PEIE             
                      00036 
00000A 0E80           00037         MOVLW   B'10000000'
00000C 6E94           00038         MOVWF   TRISC   ;set RC7=USART RC, RC6=USART TX
                      00039 
00000E 0E0F           00040         MOVLW   15      ;Baud rate 9600, assuming 10MHz oscillator
000010 6EAF           00041         MOVWF   SPBRG
000012 6AAC           00042         clrf    TXSTA   ;8 bits data, no parity, 1 stop
                      00043 
000014 6AAB           00044         CLRF    RCSTA
000016 8EAB           00045         BSF     RCSTA,SPEN  ;enable single receive
000018 88AB           00046         BSF     RCSTA,CREN  ;continuous
                      00047 
00001A 8AAC           00048         BSF     TXSTA,TXEN  ;enable tx
                      00049 
00001C 0E01           00050         MOVLW   H'01'
00001E 6E22           00051         MOVWF   TDATA   ;Store the value 1 in TDATA
                      00052 
                      00053 ;-----------------------------------------------
                      00054 ; Main Program
                      00055 ;-----------------------------------------------
                      00056         
000020 EC?? F???      00057 MAIN    CALL    S_WAIT
000024 EC?? F???      00058         CALL    S_WAIT
000028 EC?? F???      00059         CALL    S_WAIT
00002C EC?? F???      00060         CALL    S_WAIT
000030 EC?? F???      00061         CALL    S_WAIT
000034 5022           00062         MOVF    TDATA,W ;Load TDATA into W
000036 6EAD           00063         MOVWF   TXREG   ;Send it over UART
000038 6E83           00064         MOVWF   PORTD   ;Display it on PORTD
MPASM 5.73                       USART18.ASM   1-5-2019  16:36:49         PAGE  2


LOC  OBJECT CODE     LINE SOURCE TEXT
  VALUE

00003A 2A22           00065         INCF    TDATA,F ;Increment TDATA
                      00066 
00003C EF?? F???      00067 ENDLP   goto    MAIN    ;Repeat
                      00068 
                      00069 ;-------------------------------
                      00070 ; Delay Subroutine
                      00071 ;-------------------------------
                      00072 
000040 0E81           00073 S_WAIT  MOVLW   081H
000042 6E21           00074         MOVWF   LPCNT
                      00075 
000044 0EFF           00076 TDEL    MOVLW   0FFH    
000046 6E20           00077         MOVWF   TIMCNT  
                      00078 
000048 2E20           00079 TIMLP   DECFSZ  TIMCNT,F        
00004A EF?? F???      00080         GOTO    TIMLP
00004E 2E21           00081         DECFSZ  LPCNT,F
000050 EF?? F???      00082         GOTO    TDEL
000054 0012           00083         RETURN  
                      00084 
                      00085         END

Errors   :     0
Warnings :     0 reported,     0 suppressed
Messages :     0 reported,     0 suppressed

