MPASM 5.73                         PWM18.ASM   12-4-2018  23:17:54         PAGE  1


LOC  OBJECT CODE     LINE SOURCE TEXT
  VALUE

                      00001 #include <p18f4620.inc>
                      00001         LIST
                      00002 
                      00003 ;==========================================================================
                      00004 ; Build date : Mar 21 2017
                      00005 ;  MPASM PIC18F4620 processor include
                      00006 ; 
                      00007 ;  (c) Copyright 1999-2017 Microchip Technology, All rights reserved
                      00008 ;==========================================================================
                      00009 
                      01440         LIST
                      00002                 list P=18F4620, F=INHX32, C=160, N=80, ST=OFF, MM=OFF, R=DEC
                      00003 
                      00004 ;;;;;;Configuration Bits;;;;;;;;;;;;;;;;;;;;;;;;;;;;;;;;;;;;;;;;;;;;;;;;;;;;;;;;
                      00005 
                      00006                 CONFIG OSC=INTIO67, FCMEN=OFF, IESO=OFF
                      00007                 CONFIG PWRT = OFF, BOREN = SBORDIS, BORV = 3
                      00008                 CONFIG WDT = OFF, WDTPS = 32768
                      00009                 CONFIG MCLRE = ON, LPT1OSC = OFF, PBADEN = OFF, CCP2MX = PORTC
                      00010                 CONFIG STVREN = ON, LVP = OFF, XINST = OFF
                      00011                 CONFIG DEBUG = OFF
                      00012                 CONFIG CP0 = OFF, CP1 = OFF, CP2 = OFF, CP3 = OFF
                      00013                 CONFIG CPB = OFF, CPD = OFF
                      00014                 CONFIG WRT0 = OFF, WRT1 = OFF, WRT2 = OFF, WRT3 = OFF
                      00015                 CONFIG WRTB = OFF, WRTC = OFF, WRTD = OFF
                      00016                 CONFIG EBTR0 = OFF, EBTR1 = OFF, EBTR2 = OFF, EBTR3 = OFF
                      00017                 CONFIG EBTRB = OFF
                      00018 
                      00019                 org             0
000000 EF?? F???      00020                 goto    INIT
                      00021 
000004                00022 INIT
000004 0E70           00023                 movlw   B'01110000'     ;Set internal oscillator frequency to 8MHz
000006 6ED3           00024                 movwf   OSCCON
000008 8C9B           00025                 bsf     OSCTUNE, 6      ;Enable PLL - oscillator speed = 32MHz
00000A 9EF2           00026                 bcf     INTCON,GIE      ;disable global interrupt
00000C 9CF2           00027                 bcf     INTCON,PEIE
00000E 0E63           00028                 movlw   B'01100011'     ;configure PR2
000010 6ECB           00029                 movwf   PR2
000012 0E02           00030                 movlw   B'00000010'     ;configure CCPR2L
000014 6EBB           00031                 movwf   CCPR2L
000016 0E0C           00032                 movlw   B'00001100'     ;configure CCP2CON
000018 6EBA           00033                 movwf   CCP2CON
00001A 6A94           00034                 clrf    TRISC           ;configure PORTC as output
00001C 0E05           00035                 movlw   B'00000101'     ;configure T2CON, set prescaler to 4
00001E 6ECA           00036                 movwf   T2CON
                      00037         
000020 D???           00038 ENDLP   bra             ENDLP           ;endless loop
                      00039 
                      00040                 end

Errors   :     0
Warnings :     0 reported,     0 suppressed
Messages :     0 reported,     0 suppressed

